#
# There is insufficient memory for the Java Runtime Environment to continue.
# Native memory allocation (mmap) failed to map 132120576 bytes for G1 virtual space
# Possible reasons:
#   The system is out of physical RAM or swap space
#   The process is running with CompressedOops enabled, and the Java Heap may be blocking the growth of the native heap
# Possible solutions:
#   Reduce memory load on the system
#   Increase physical memory or swap space
#   Check if swap backing store is full
#   Decrease Java heap size (-Xmx/-Xms)
#   Decrease number of Java threads
#   Decrease Java thread stack sizes (-Xss)
#   Set larger code cache with -XX:ReservedCodeCacheSize=
#   JVM is running with Unscaled Compressed Oops mode in which the Java heap is
#     placed in the first 4GB address space. The Java Heap base address is the
#     maximum limit for the native heap growth. Please use -XX:HeapBaseMinAddress
#     to set the Java Heap base and to place the Java Heap above 4GB virtual address.
# This output file may be truncated or incomplete.
#
#  Out of Memory Error (os_windows.cpp:3548), pid=5944, tid=17092
#
# JRE version:  (17.0.10+11) (build )
# Java VM: Java HotSpot(TM) 64-Bit Server VM (17.0.10+11-LTS-240, mixed mode, sharing, tiered, compressed oops, compressed class ptrs, g1 gc, windows-amd64)
# No core dump will be written. Minidumps are not enabled by default on client versions of Windows
#

---------------  S U M M A R Y ------------

Command Line: 

Host: 11th Gen Intel(R) Core(TM) i5-1135G7 @ 2.40GHz, 8 cores, 7G,  Windows 11 , 64 bit Build 22621 (10.0.22621.3085)
Time: Mon Feb 26 00:33:15 2024 India Standard Time elapsed time: 0.013549 seconds (0d 0h 0m 0s)

---------------  T H R E A D  ---------------

Current thread (0x000001c7ca2b41d0):  JavaThread "Unknown thread" [_thread_in_vm, id=17092, stack(0x000000a53cc00000,0x000000a53cd00000)]

Stack: [0x000000a53cc00000,0x000000a53cd00000]
Native frames: (J=compiled Java code, j=interpreted, Vv=VM code, C=native code)
V  [jvm.dll+0x677a5a]
V  [jvm.dll+0x7d8b2d]
V  [jvm.dll+0x7da48e]
V  [jvm.dll+0x7daaf3]
V  [jvm.dll+0x2455ff]
V  [jvm.dll+0x6749b9]
V  [jvm.dll+0x669382]
V  [jvm.dll+0x302e96]
V  [jvm.dll+0x30a416]
V  [jvm.dll+0x359cbe]
V  [jvm.dll+0x359eef]
V  [jvm.dll+0x2d9e88]
V  [jvm.dll+0x2dadf4]
V  [jvm.dll+0x7aa551]
V  [jvm.dll+0x367911]
V  [jvm.dll+0x789639]
V  [jvm.dll+0x3eb30f]
V  [jvm.dll+0x3ecd91]
C  [jli.dll+0x5297]
C  [ucrtbase.dll+0x29363]
C  [KERNEL32.DLL+0x1257d]
C  [ntdll.dll+0x5aa58]


---------------  P R O C E S S  ---------------

Threads class SMR info:
_java_thread_list=0x00007ffc684e6a18, length=0, elements={
}

Java Threads: ( => current thread )

Other Threads:
  0x000001c7ca30d4a0 GCTaskThread "GC Thread#0" [stack: 0x000000a53cd00000,0x000000a53ce00000] [id=14092]
  0x000001c7ca31fd50 ConcurrentGCThread "G1 Main Marker" [stack: 0x000000a53ce00000,0x000000a53cf00000] [id=2672]
  0x000001c7ca320f00 ConcurrentGCThread "G1 Conc#0" [stack: 0x000000a53cf00000,0x000000a53d000000] [id=12712]

[error occurred during error reporting (printing all threads), id 0xc0000005, EXCEPTION_ACCESS_VIOLATION (0xc0000005) at pc=0x00007ffc67d1aae7]

VM state: not at safepoint (not fully initialized)

VM Mutex/Monitor currently owned by a thread:  ([mutex/lock_event])
[0x000001c7ca2b0440] Heap_lock - owner thread: 0x000001c7ca2b41d0

Heap address: 0x0000000083600000, size: 1994 MB, Compressed Oops mode: 32-bit

CDS archive(s) mapped at: [0x0000000000000000-0x0000000000000000-0x0000000000000000), size 0, SharedBaseAddress: 0x0000000800000000, ArchiveRelocationMode: 1.
Narrow klass base: 0x0000000000000000, Narrow klass shift: 0, Narrow klass range: 0x0

GC Precious Log:
<Empty>

Heap:
 garbage-first heap   total 0K, used 0K [0x0000000083600000, 0x0000000100000000)
  region size 1024K, 0 young (0K), 0 survivors (0K)

[error occurred during error reporting (printing heap information), id 0xc0000005, EXCEPTION_ACCESS_VIOLATION (0xc0000005) at pc=0x00007ffc68101249]

GC Heap History (0 events):
No events

Deoptimization events (0 events):
No events

Classes unloaded (0 events):
No events

Classes redefined (0 events):
No events

Internal exceptions (0 events):
No events

VM Operations (0 events):
No events

Events (1 events):
Event: 0.009 Loaded shared library C:\Program Files\Java\jdk-17\bin\java.dll


Dynamic libraries:
0x00007ff6911f0000 - 0x00007ff691200000 	C:\Program Files\Java\jdk-17\bin\java.exe
0x00007ffcd4c10000 - 0x00007ffcd4e27000 	C:\WINDOWS\SYSTEM32\ntdll.dll
0x00007ffcd46b0000 - 0x00007ffcd4774000 	C:\WINDOWS\System32\KERNEL32.DLL
0x00007ffcd2020000 - 0x00007ffcd23c6000 	C:\WINDOWS\System32\KERNELBASE.dll
0x00007ffcd2520000 - 0x00007ffcd2631000 	C:\WINDOWS\System32\ucrtbase.dll
0x00007ffc92370000 - 0x00007ffc9238b000 	C:\Program Files\Java\jdk-17\bin\VCRUNTIME140.dll
0x00007ffc991b0000 - 0x00007ffc991c9000 	C:\Program Files\Java\jdk-17\bin\jli.dll
0x00007ffcd4010000 - 0x00007ffcd40c3000 	C:\WINDOWS\System32\ADVAPI32.dll
0x00007ffcd47a0000 - 0x00007ffcd4847000 	C:\WINDOWS\System32\msvcrt.dll
0x00007ffcd3910000 - 0x00007ffcd39b8000 	C:\WINDOWS\System32\sechost.dll
0x00007ffcd1f50000 - 0x00007ffcd1f78000 	C:\WINDOWS\System32\bcrypt.dll
0x00007ffcd3e90000 - 0x00007ffcd3fa7000 	C:\WINDOWS\System32\RPCRT4.dll
0x00007ffcd2a60000 - 0x00007ffcd2c0e000 	C:\WINDOWS\System32\USER32.dll
0x00007ffcd24f0000 - 0x00007ffcd2516000 	C:\WINDOWS\System32\win32u.dll
0x00007ffcbcf30000 - 0x00007ffcbd1c3000 	C:\WINDOWS\WinSxS\amd64_microsoft.windows.common-controls_6595b64144ccf1df_6.0.22621.2506_none_270c5ae97388e100\COMCTL32.dll
0x00007ffcd3ad0000 - 0x00007ffcd3af9000 	C:\WINDOWS\System32\GDI32.dll
0x00007ffcd23d0000 - 0x00007ffcd24e8000 	C:\WINDOWS\System32\gdi32full.dll
0x00007ffcd1f80000 - 0x00007ffcd201a000 	C:\WINDOWS\System32\msvcp_win.dll
0x00007ffcc7100000 - 0x00007ffcc710a000 	C:\WINDOWS\SYSTEM32\VERSION.dll
0x00007ffcd3a30000 - 0x00007ffcd3a61000 	C:\WINDOWS\System32\IMM32.DLL
0x00007ffca5e70000 - 0x00007ffca5e7c000 	C:\Program Files\Java\jdk-17\bin\vcruntime140_1.dll
0x00007ffc68610000 - 0x00007ffc6869e000 	C:\Program Files\Java\jdk-17\bin\msvcp140.dll
0x00007ffc67a30000 - 0x00007ffc6860f000 	C:\Program Files\Java\jdk-17\bin\server\jvm.dll
0x00007ffcd3a20000 - 0x00007ffcd3a28000 	C:\WINDOWS\System32\PSAPI.DLL
0x00007ffcbc490000 - 0x00007ffcbc499000 	C:\WINDOWS\SYSTEM32\WSOCK32.dll
0x00007ffcca5d0000 - 0x00007ffcca604000 	C:\WINDOWS\SYSTEM32\WINMM.dll
0x00007ffcd2d10000 - 0x00007ffcd2d81000 	C:\WINDOWS\System32\WS2_32.dll
0x00007ffcd0f50000 - 0x00007ffcd0f68000 	C:\WINDOWS\SYSTEM32\kernel.appcore.dll
0x00007ffca1060000 - 0x00007ffca106a000 	C:\Program Files\Java\jdk-17\bin\jimage.dll
0x00007ffccf610000 - 0x00007ffccf843000 	C:\WINDOWS\SYSTEM32\DBGHELP.DLL
0x00007ffcd3b00000 - 0x00007ffcd3e89000 	C:\WINDOWS\System32\combase.dll
0x00007ffcd2960000 - 0x00007ffcd2a37000 	C:\WINDOWS\System32\OLEAUT32.dll
0x00007ffcca540000 - 0x00007ffcca572000 	C:\WINDOWS\SYSTEM32\dbgcore.DLL
0x00007ffcd28e0000 - 0x00007ffcd295a000 	C:\WINDOWS\System32\bcryptPrimitives.dll
0x00007ffc77430000 - 0x00007ffc77455000 	C:\Program Files\Java\jdk-17\bin\java.dll

dbghelp: loaded successfully - version: 4.0.5 - missing functions: none
symbol engine: initialized successfully - sym options: 0x614 - pdb path: .;C:\Program Files\Java\jdk-17\bin;C:\WINDOWS\SYSTEM32;C:\WINDOWS\WinSxS\amd64_microsoft.windows.common-controls_6595b64144ccf1df_6.0.22621.2506_none_270c5ae97388e100;C:\Program Files\Java\jdk-17\bin\server

VM Arguments:
java_command: <unknown>
java_class_path (initial): <not set>
Launcher Type: SUN_STANDARD

[Global flags]
     intx CICompilerCount                          = 4                                         {product} {ergonomic}
     uint ConcGCThreads                            = 2                                         {product} {ergonomic}
     uint G1ConcRefinementThreads                  = 8                                         {product} {ergonomic}
   size_t G1HeapRegionSize                         = 1048576                                   {product} {ergonomic}
    uintx GCDrainStackTargetSize                   = 64                                        {product} {ergonomic}
   size_t InitialHeapSize                          = 132120576                                 {product} {ergonomic}
   size_t MarkStackSize                            = 4194304                                   {product} {ergonomic}
   size_t MaxHeapSize                              = 2090860544                                {product} {ergonomic}
   size_t MinHeapDeltaBytes                        = 1048576                                   {product} {ergonomic}
   size_t MinHeapSize                              = 8388608                                   {product} {ergonomic}
    uintx NonNMethodCodeHeapSize                   = 5839372                                {pd product} {ergonomic}
    uintx NonProfiledCodeHeapSize                  = 122909434                              {pd product} {ergonomic}
    uintx ProfiledCodeHeapSize                     = 122909434                              {pd product} {ergonomic}
    uintx ReservedCodeCacheSize                    = 251658240                              {pd product} {ergonomic}
     bool SegmentedCodeCache                       = true                                      {product} {ergonomic}
   size_t SoftMaxHeapSize                          = 2090860544                             {manageable} {ergonomic}
     bool UseCompressedClassPointers               = true                           {product lp64_product} {ergonomic}
     bool UseCompressedOops                        = true                           {product lp64_product} {ergonomic}
     bool UseG1GC                                  = true                                      {product} {ergonomic}
     bool UseLargePagesIndividualAllocation        = false                                  {pd product} {ergonomic}

Logging:
Log output configuration:
 #0: stdout all=warning uptime,level,tags
 #1: stderr all=off uptime,level,tags

Environment Variables:
PATH=D:\Projects\App Development\ReactNativeApps\SafetySphere\node_modules\.bin;D:\Projects\App Development\ReactNativeApps\node_modules\.bin;D:\Projects\App Development\node_modules\.bin;D:\Projects\node_modules\.bin;D:\node_modules\.bin;C:\Users\sanks\AppData\Roaming\npm\node_modules\npm\node_modules\@npmcli\run-script\lib\node-gyp-bin;C:\Program Files\Common Files\Oracle\Java\javapath;C:\WINDOWS\system32;C:\WINDOWS;C:\WINDOWS\System32\Wbem;C:\WINDOWS\System32\WindowsPowerShell\v1.0\;C:\WINDOWS\System32\OpenSSH\;C:\ProgramData\chocolatey\bin;C:\Program Files\Git\cmd;C:\Users\sanks\AppData\Roaming\nvm;C:\Program Files\nodejs;C:\Program Files\MongoDB\Server\7.0\bin;C:\Program Files\MongoDB\mongosh-2.1.5-win32-x64\bin;D:\Setups\Android Studio\bin;D:\Setups\AndroidSDK\platform-tools;D:\Setups\AndroidSDK;D:\Setups\Android Studio\bin;D:\Setups\Android Studio;D:\Setups\android-studio-2022.3.1.18-windows\android-studio\bin;D:\Setups\AndroidSDK\tools;D:\Setups\AndroidSDK\tools;C:\Users\sanks\AppData\Local\Programs\Python\Python311\Scripts\;C:\Users\sanks\AppData\Local\Programs\Python\Python311\;C:\Users\sanks\AppData\Local\Microsoft\WindowsApps;C:\MinGW\bin;C:\Users\sanks\AppData\Local\JetBrains\Toolbox\scripts;C:\Development\flutter\bin;C:\MinGW\bin;C:\Users\sanks\AppData\Roaming\npm;D:\Setups\flutter_windows_3.19.0-stable\flutter\bin;D:\Setups\Microsoft VS Code\bin;C:\Users\sanks\AppData\Roaming\nvm;C:\Program Files\nodejs;D:\Node;D:\Setups\AndroidSDK\platform-tools;C:\Program Files\Java\jdk-17\bin;C:\Users\sanks\AppData\Local\Android\android-studio\bin;D:\Setups\AndroidSDK;D:\Setups\AndroidSDK\tools;D:\Setups\AndroidSDK\tools\bin;D:\Setups\AndroidSDK\emulator;D:\Setups\Android Studio\bin;D:\Setups\Android Studio;D:\Setups\android-studio-2022.3.1.18-windows\android-studio\bin;
USERNAME=sanks
LANG=en_US.UTF-8
OS=Windows_NT
PROCESSOR_IDENTIFIER=Intel64 Family 6 Model 140 Stepping 1, GenuineIntel



---------------  S Y S T E M  ---------------

OS:
 Windows 11 , 64 bit Build 22621 (10.0.22621.3085)
OS uptime: 0 days 11:38 hours
Hyper-V role detected

CPU: total 8 (initial active 8) (4 cores per cpu, 2 threads per core) family 6 model 140 stepping 1 microcode 0x8a, cx8, cmov, fxsr, ht, mmx, 3dnowpref, sse, sse2, sse3, ssse3, sse4.1, sse4.2, popcnt, lzcnt, tsc, tscinvbit, avx, avx2, aes, erms, clmul, bmi1, bmi2, adx, avx512f, avx512dq, avx512cd, avx512bw, avx512vl, sha, fma, vzeroupper, avx512_vpopcntdq, avx512_vpclmulqdq, avx512_vaes, avx512_vnni, clflush, clflushopt, clwb, avx512_vbmi2, avx512_vbmi, hv

Memory: 4k page, system-wide physical 7975M (645M free)
TotalPageFile size 18371M (AvailPageFile size 92M)
current process WorkingSet (physical memory assigned to process): 11M, peak: 11M
current process commit charge ("private bytes"): 60M, peak: 186M

vm_info: Java HotSpot(TM) 64-Bit Server VM (17.0.10+11-LTS-240) for windows-amd64 JRE (17.0.10+11-LTS-240), built on Dec 19 2023 21:47:25 by "mach5one" with MS VC++ 17.1 (VS2022)

END.
